<?xml version="1.0" encoding="UTF-8"?>
<testng-results ignored="0" total="1" passed="1" failed="0" skipped="0">
  <reporter-output>
  </reporter-output>
  <suite started-at="2024-11-21T16:46:48 IST" name="Default suite" finished-at="2024-11-21T16:48:16 IST" duration-ms="88228">
    <groups>
    </groups>
    <test started-at="2024-11-21T16:46:48 IST" name="Default test" finished-at="2024-11-21T16:48:16 IST" duration-ms="88228">
      <class name="BrokenlinksEngine.Kisanbharat">
        <test-method is-config="true" signature="initialiseBrowser()[pri:0, instance:BrokenlinksEngine.Kisanbharat@6e0f5f7f]" started-at="2024-11-21T16:46:48 IST" name="initialiseBrowser" finished-at="2024-11-21T16:46:54 IST" duration-ms="5551" status="PASS">
          <reporter-output>
          </reporter-output>
        </test-method> <!-- initialiseBrowser -->
        <test-method signature="getLinks()[pri:0, instance:BrokenlinksEngine.Kisanbharat@6e0f5f7f]" started-at="2024-11-21T16:46:54 IST" name="getLinks" finished-at="2024-11-21T16:48:16 IST" duration-ms="82296" status="PASS">
          <reporter-output>
          </reporter-output>
        </test-method> <!-- getLinks -->
        <test-method is-config="true" signature="browserClosure()[pri:0, instance:BrokenlinksEngine.Kisanbharat@6e0f5f7f]" started-at="2024-11-21T16:48:16 IST" name="browserClosure" finished-at="2024-11-21T16:48:16 IST" duration-ms="324" status="PASS">
          <reporter-output>
          </reporter-output>
        </test-method> <!-- browserClosure -->
      </class> <!-- BrokenlinksEngine.Kisanbharat -->
    </test> <!-- Default test -->
  </suite> <!-- Default suite -->
</testng-results>
